<?xml version="1.0" encoding="UTF-8"?>
<!-- Generated by org.testng.reporters.JUnitXMLReporter -->
<testsuite ignored="1" hostname="DESKTOP-AAMQG5Q" failures="1" tests="2" name="TestNgDemo1" time="0.126" errors="0" timestamp="2025-07-10T20:53:55 IST">
  <testcase classname="testngDemo.TestngDemo" name="demo2" time="0.0">
    <failure type="org.testng.TestNGException" message="
Parameter &amp;apos;userName&amp;apos; is required by @Test on method demo2 but has not been marked @Optional or defined
in C:\Users\ADMIN\eclipse-workspace\SeleniumBasic\testng.xml">
      <![CDATA[org.testng.TestNGException: 
Parameter 'userName' is required by @Test on method demo2 but has not been marked @Optional or defined
in C:\Users\ADMIN\eclipse-workspace\SeleniumBasic\testng.xml
at java.base/java.util.ArrayList.forEach(ArrayList.java:1511)
... Removed 26 stack frames]]>
    </failure>
  </testcase> <!-- demo2 -->
  <testcase classname="testngDemo.TestngDemo2" name="demo3" time="0.005"/>
  <testcase classname="testngDemo.TestngDemo" name="demo1" time="0.0">
    <ignored/>
  </testcase> <!-- demo1 -->
</testsuite> <!-- TestNgDemo1 -->
